<?xml version="1.0" encoding="UTF-8"?>
<testsuites name="jest tests" tests="43" failures="0" errors="0" time="0.933">
  <testsuite name="User Interface - Tests de Régression" errors="0" failures="0" skipped="0" timestamp="2025-07-29T23:16:26" time="0.798" tests="43">
    <testcase classname="User Interface - Tests de Régression Compatibilité ascendante v1.0 Interface User de base devrait maintenir la structure exacte de l&apos;interface User v1.0" name="User Interface - Tests de Régression Compatibilité ascendante v1.0 Interface User de base devrait maintenir la structure exacte de l&apos;interface User v1.0" time="0.002">
    </testcase>
    <testcase classname="User Interface - Tests de Régression Compatibilité ascendante v1.0 Interface User de base devrait maintenir l&apos;énumération UserRole v1.0" name="User Interface - Tests de Régression Compatibilité ascendante v1.0 Interface User de base devrait maintenir l&apos;énumération UserRole v1.0" time="0">
    </testcase>
    <testcase classname="User Interface - Tests de Régression Compatibilité ascendante v1.0 Interface User de base devrait maintenir la signature de createUser v1.0" name="User Interface - Tests de Régression Compatibilité ascendante v1.0 Interface User de base devrait maintenir la signature de createUser v1.0" time="0.001">
    </testcase>
    <testcase classname="User Interface - Tests de Régression Compatibilité ascendante v1.0 Fonctions de vérification de rôles v1.0 devrait maintenir le comportement de hasRole v1.0" name="User Interface - Tests de Régression Compatibilité ascendante v1.0 Fonctions de vérification de rôles v1.0 devrait maintenir le comportement de hasRole v1.0" time="0">
    </testcase>
    <testcase classname="User Interface - Tests de Régression Compatibilité ascendante v1.0 Fonctions de vérification de rôles v1.0 devrait maintenir le comportement de hasAnyRole v1.0" name="User Interface - Tests de Régression Compatibilité ascendante v1.0 Fonctions de vérification de rôles v1.0 devrait maintenir le comportement de hasAnyRole v1.0" time="0">
    </testcase>
    <testcase classname="User Interface - Tests de Régression Compatibilité ascendante v1.0 Fonctions de vérification de rôles v1.0 devrait maintenir le comportement de hasAllRoles v1.0" name="User Interface - Tests de Régression Compatibilité ascendante v1.0 Fonctions de vérification de rôles v1.0 devrait maintenir le comportement de hasAllRoles v1.0" time="0.001">
    </testcase>
    <testcase classname="User Interface - Tests de Régression Compatibilité ascendante v1.0 Fonctions de vérification de rôles v1.0 devrait maintenir le comportement des type guards v1.0" name="User Interface - Tests de Régression Compatibilité ascendante v1.0 Fonctions de vérification de rôles v1.0 devrait maintenir le comportement des type guards v1.0" time="0">
    </testcase>
    <testcase classname="User Interface - Tests de Régression Compatibilité ascendante v1.0 Validation isValidUser v1.0 devrait maintenir les critères de validation v1.0" name="User Interface - Tests de Régression Compatibilité ascendante v1.0 Validation isValidUser v1.0 devrait maintenir les critères de validation v1.0" time="0">
    </testcase>
    <testcase classname="User Interface - Tests de Régression Comportements historiques préservés Gestion des cas limites historiques devrait préserver le comportement avec rôles dupliqués" name="User Interface - Tests de Régression Comportements historiques préservés Gestion des cas limites historiques devrait préserver le comportement avec rôles dupliqués" time="0.001">
    </testcase>
    <testcase classname="User Interface - Tests de Régression Comportements historiques préservés Gestion des cas limites historiques devrait préserver la sensibilité à la casse" name="User Interface - Tests de Régression Comportements historiques préservés Gestion des cas limites historiques devrait préserver la sensibilité à la casse" time="0">
    </testcase>
    <testcase classname="User Interface - Tests de Régression Comportements historiques préservés Gestion des cas limites historiques devrait préserver le comportement avec emails complexes" name="User Interface - Tests de Régression Comportements historiques préservés Gestion des cas limites historiques devrait préserver le comportement avec emails complexes" time="0">
    </testcase>
    <testcase classname="User Interface - Tests de Régression Comportements historiques préservés Ordonnancement et priorités historiques devrait préserver l&apos;ordre des rôles dans createUser" name="User Interface - Tests de Régression Comportements historiques préservés Ordonnancement et priorités historiques devrait préserver l&apos;ordre des rôles dans createUser" time="0">
    </testcase>
    <testcase classname="User Interface - Tests de Régression Comportements historiques préservés Ordonnancement et priorités historiques devrait préserver les performances des opérations de base" name="User Interface - Tests de Régression Comportements historiques préservés Ordonnancement et priorités historiques devrait préserver les performances des opérations de base" time="0.001">
    </testcase>
    <testcase classname="User Interface - Tests de Régression Compatibilité des extensions Interface ExtendedUser devrait maintenir la compatibilité avec User de base" name="User Interface - Tests de Régression Compatibilité des extensions Interface ExtendedUser devrait maintenir la compatibilité avec User de base" time="0">
    </testcase>
    <testcase classname="User Interface - Tests de Régression Compatibilité des extensions Interface ExtendedUser devrait maintenir la rétrocompatibilité des préférences" name="User Interface - Tests de Régression Compatibilité des extensions Interface ExtendedUser devrait maintenir la rétrocompatibilité des préférences" time="0.001">
    </testcase>
    <testcase classname="User Interface - Tests de Régression Compatibilité des extensions Interface ExtendedUser devrait préserver le comportement de fusion des préférences" name="User Interface - Tests de Régression Compatibilité des extensions Interface ExtendedUser devrait préserver le comportement de fusion des préférences" time="0">
    </testcase>
    <testcase classname="User Interface - Tests de Régression Compatibilité des extensions Fonctions utilitaires étendues devrait maintenir le comportement de getDisplayName" name="User Interface - Tests de Régression Compatibilité des extensions Fonctions utilitaires étendues devrait maintenir le comportement de getDisplayName" time="0">
    </testcase>
    <testcase classname="User Interface - Tests de Régression Compatibilité des extensions Fonctions utilitaires étendues devrait maintenir le comportement des vérifications de statut" name="User Interface - Tests de Régression Compatibilité des extensions Fonctions utilitaires étendues devrait maintenir le comportement des vérifications de statut" time="0">
    </testcase>
    <testcase classname="User Interface - Tests de Régression Sérialisation/Désérialisation Compatibilité JSON devrait maintenir la compatibilité JSON pour User de base" name="User Interface - Tests de Régression Sérialisation/Désérialisation Compatibilité JSON devrait maintenir la compatibilité JSON pour User de base" time="0">
    </testcase>
    <testcase classname="User Interface - Tests de Régression Sérialisation/Désérialisation Compatibilité JSON devrait maintenir la compatibilité JSON pour ExtendedUser" name="User Interface - Tests de Régression Sérialisation/Désérialisation Compatibilité JSON devrait maintenir la compatibilité JSON pour ExtendedUser" time="0.001">
    </testcase>
    <testcase classname="User Interface - Tests de Régression Sérialisation/Désérialisation Compatibilité JSON devrait gérer la désérialisation avec propriétés manquantes" name="User Interface - Tests de Régression Sérialisation/Désérialisation Compatibilité JSON devrait gérer la désérialisation avec propriétés manquantes" time="0">
    </testcase>
    <testcase classname="User Interface - Tests de Régression Sérialisation/Désérialisation Migration de données devrait gérer l&apos;évolution des formats de préférences" name="User Interface - Tests de Régression Sérialisation/Désérialisation Migration de données devrait gérer l&apos;évolution des formats de préférences" time="0">
    </testcase>
    <testcase classname="User Interface - Tests de Régression Sérialisation/Désérialisation Migration de données devrait gérer les changements de types de propriétés" name="User Interface - Tests de Régression Sérialisation/Désérialisation Migration de données devrait gérer les changements de types de propriétés" time="0">
    </testcase>
    <testcase classname="User Interface - Tests de Régression Stabilité de l&apos;API Signatures de fonctions devrait maintenir les signatures exactes des fonctions publiques" name="User Interface - Tests de Régression Stabilité de l&apos;API Signatures de fonctions devrait maintenir les signatures exactes des fonctions publiques" time="0">
    </testcase>
    <testcase classname="User Interface - Tests de Régression Stabilité de l&apos;API Signatures de fonctions devrait maintenir les valeurs de retour attendues" name="User Interface - Tests de Régression Stabilité de l&apos;API Signatures de fonctions devrait maintenir les valeurs de retour attendues" time="0">
    </testcase>
    <testcase classname="User Interface - Tests de Régression Stabilité de l&apos;API Constance des énumérations ne devrait jamais modifier les valeurs de UserRole" name="User Interface - Tests de Régression Stabilité de l&apos;API Constance des énumérations ne devrait jamais modifier les valeurs de UserRole" time="0.001">
    </testcase>
    <testcase classname="User Interface - Tests de Régression Stabilité de l&apos;API Comportement avec valeurs par défaut devrait maintenir les valeurs par défaut documentées" name="User Interface - Tests de Régression Stabilité de l&apos;API Comportement avec valeurs par défaut devrait maintenir les valeurs par défaut documentées" time="0">
    </testcase>
    <testcase classname="User Interface - Tests de Régression Stabilité de l&apos;API Comportement avec valeurs par défaut devrait maintenir le comportement de createUser sans rôles" name="User Interface - Tests de Régression Stabilité de l&apos;API Comportement avec valeurs par défaut devrait maintenir le comportement de createUser sans rôles" time="0">
    </testcase>
    <testcase classname="User Interface - Tests de Régression Prévention de régressions spécifiques Bug fixes historiques ne devrait pas réintroduire le bug de déduplication des rôles" name="User Interface - Tests de Régression Prévention de régressions spécifiques Bug fixes historiques ne devrait pas réintroduire le bug de déduplication des rôles" time="0">
    </testcase>
    <testcase classname="User Interface - Tests de Régression Prévention de régressions spécifiques Bug fixes historiques ne devrait pas réintroduire le bug de validation d&apos;email" name="User Interface - Tests de Régression Prévention de régressions spécifiques Bug fixes historiques ne devrait pas réintroduire le bug de validation d&apos;email" time="0.002">
    </testcase>
    <testcase classname="User Interface - Tests de Régression Prévention de régressions spécifiques Bug fixes historiques ne devrait pas réintroduire le bug de fusion des préférences" name="User Interface - Tests de Régression Prévention de régressions spécifiques Bug fixes historiques ne devrait pas réintroduire le bug de fusion des préférences" time="0">
    </testcase>
    <testcase classname="User Interface - Tests de Régression Prévention de régressions spécifiques Vérifications de cohérence devrait maintenir la cohérence entre isExtendedUser et les propriétés" name="User Interface - Tests de Régression Prévention de régressions spécifiques Vérifications de cohérence devrait maintenir la cohérence entre isExtendedUser et les propriétés" time="0">
    </testcase>
    <testcase classname="User Interface - Tests de Régression Prévention de régressions spécifiques Vérifications de cohérence devrait maintenir la cohérence des type guards" name="User Interface - Tests de Régression Prévention de régressions spécifiques Vérifications de cohérence devrait maintenir la cohérence des type guards" time="0.001">
    </testcase>
    <testcase classname="User Interface - Tests de Régression Prévention de régressions spécifiques Stabilité des transformations devrait maintenir l&apos;idempotence de createExtendedUser" name="User Interface - Tests de Régression Prévention de régressions spécifiques Stabilité des transformations devrait maintenir l&apos;idempotence de createExtendedUser" time="0">
    </testcase>
    <testcase classname="User Interface - Tests de Régression Prévention de régressions spécifiques Stabilité des transformations devrait maintenir la stabilité des préférences par défaut" name="User Interface - Tests de Régression Prévention de régressions spécifiques Stabilité des transformations devrait maintenir la stabilité des préférences par défaut" time="0">
    </testcase>
    <testcase classname="User Interface - Tests de Régression Performance - Non-régression Temps d&apos;exécution des opérations critiques ne devrait pas dégrader les performances de hasRole" name="User Interface - Tests de Régression Performance - Non-régression Temps d&apos;exécution des opérations critiques ne devrait pas dégrader les performances de hasRole" time="0.001">
    </testcase>
    <testcase classname="User Interface - Tests de Régression Performance - Non-régression Temps d&apos;exécution des opérations critiques ne devrait pas dégrader les performances de createUser" name="User Interface - Tests de Régression Performance - Non-régression Temps d&apos;exécution des opérations critiques ne devrait pas dégrader les performances de createUser" time="0.003">
    </testcase>
    <testcase classname="User Interface - Tests de Régression Performance - Non-régression Temps d&apos;exécution des opérations critiques ne devrait pas dégrader les performances de isValidUser" name="User Interface - Tests de Régression Performance - Non-régression Temps d&apos;exécution des opérations critiques ne devrait pas dégrader les performances de isValidUser" time="0.008">
    </testcase>
    <testcase classname="User Interface - Tests de Régression Performance - Non-régression Utilisation mémoire ne devrait pas avoir de fuites mémoire avec les créations répétées" name="User Interface - Tests de Régression Performance - Non-régression Utilisation mémoire ne devrait pas avoir de fuites mémoire avec les créations répétées" time="0.022">
    </testcase>
    <testcase classname="User Interface - Tests de Régression Migration et évolution future Préparation aux changements futurs devrait gérer l&apos;ajout de nouvelles propriétés optionnelles" name="User Interface - Tests de Régression Migration et évolution future Préparation aux changements futurs devrait gérer l&apos;ajout de nouvelles propriétés optionnelles" time="0">
    </testcase>
    <testcase classname="User Interface - Tests de Régression Migration et évolution future Préparation aux changements futurs devrait préserver la rétrocompatibilité lors d&apos;ajouts d&apos;énums" name="User Interface - Tests de Régression Migration et évolution future Préparation aux changements futurs devrait préserver la rétrocompatibilité lors d&apos;ajouts d&apos;énums" time="0.001">
    </testcase>
    <testcase classname="User Interface - Tests de Régression Migration et évolution future Tests de migration de schéma devrait simuler une migration de v1.0 vers v1.1" name="User Interface - Tests de Régression Migration et évolution future Tests de migration de schéma devrait simuler une migration de v1.0 vers v1.1" time="0">
    </testcase>
    <testcase classname="User Interface - Tests de Régression Migration et évolution future Tests de migration de schéma devrait gérer la migration des préférences" name="User Interface - Tests de Régression Migration et évolution future Tests de migration de schéma devrait gérer la migration des préférences" time="0">
    </testcase>
  </testsuite>
</testsuites>