<?xml version="1.0" encoding="UTF-8"?>
<testsuites name="jest tests" tests="44" failures="0" errors="0" time="1.591">
  <testsuite name="User Interface - Tests d&apos;Edge Cases" errors="0" failures="0" skipped="0" timestamp="2025-08-02T13:21:57" time="1.457" tests="44">
    <testcase classname="User Interface - Tests d&apos;Edge Cases Edge cases de structure Objets avec propriétés extrêmes devrait gérer des IDs très longs" name="User Interface - Tests d&apos;Edge Cases Edge cases de structure Objets avec propriétés extrêmes devrait gérer des IDs très longs" time="0.001">
    </testcase>
    <testcase classname="User Interface - Tests d&apos;Edge Cases Edge cases de structure Objets avec propriétés extrêmes devrait gérer des emails très longs" name="User Interface - Tests d&apos;Edge Cases Edge cases de structure Objets avec propriétés extrêmes devrait gérer des emails très longs" time="0">
    </testcase>
    <testcase classname="User Interface - Tests d&apos;Edge Cases Edge cases de structure Objets avec propriétés extrêmes devrait gérer des emails avec caractères Unicode" name="User Interface - Tests d&apos;Edge Cases Edge cases de structure Objets avec propriétés extrêmes devrait gérer des emails avec caractères Unicode" time="0">
    </testcase>
    <testcase classname="User Interface - Tests d&apos;Edge Cases Edge cases de structure Objets avec propriétés extrêmes devrait gérer des rôles avec caractères spéciaux" name="User Interface - Tests d&apos;Edge Cases Edge cases de structure Objets avec propriétés extrêmes devrait gérer des rôles avec caractères spéciaux" time="0.001">
    </testcase>
    <testcase classname="User Interface - Tests d&apos;Edge Cases Edge cases de structure Objets avec propriétés undefined/null devrait gérer les propriétés undefined dans ExtendedUser" name="User Interface - Tests d&apos;Edge Cases Edge cases de structure Objets avec propriétés undefined/null devrait gérer les propriétés undefined dans ExtendedUser" time="0">
    </testcase>
    <testcase classname="User Interface - Tests d&apos;Edge Cases Edge cases de structure Objets avec propriétés undefined/null devrait gérer les préférences avec valeurs undefined" name="User Interface - Tests d&apos;Edge Cases Edge cases de structure Objets avec propriétés undefined/null devrait gérer les préférences avec valeurs undefined" time="0">
    </testcase>
    <testcase classname="User Interface - Tests d&apos;Edge Cases Edge cases de structure Objets avec propriétés vides devrait gérer un utilisateur avec tous les champs vides valides" name="User Interface - Tests d&apos;Edge Cases Edge cases de structure Objets avec propriétés vides devrait gérer un utilisateur avec tous les champs vides valides" time="0">
    </testcase>
    <testcase classname="User Interface - Tests d&apos;Edge Cases Edge cases de structure Objets avec propriétés vides devrait gérer des noms vides ou avec espaces" name="User Interface - Tests d&apos;Edge Cases Edge cases de structure Objets avec propriétés vides devrait gérer des noms vides ou avec espaces" time="0.001">
    </testcase>
    <testcase classname="User Interface - Tests d&apos;Edge Cases Edge cases de logique de rôles Rôles avec doublons et variations devrait gérer les doublons de rôles" name="User Interface - Tests d&apos;Edge Cases Edge cases de logique de rôles Rôles avec doublons et variations devrait gérer les doublons de rôles" time="0">
    </testcase>
    <testcase classname="User Interface - Tests d&apos;Edge Cases Edge cases de logique de rôles Rôles avec doublons et variations devrait gérer la casse dans les rôles" name="User Interface - Tests d&apos;Edge Cases Edge cases de logique de rôles Rôles avec doublons et variations devrait gérer la casse dans les rôles" time="0">
    </testcase>
    <testcase classname="User Interface - Tests d&apos;Edge Cases Edge cases de logique de rôles Rôles avec doublons et variations devrait gérer les rôles avec espaces et caractères invisibles" name="User Interface - Tests d&apos;Edge Cases Edge cases de logique de rôles Rôles avec doublons et variations devrait gérer les rôles avec espaces et caractères invisibles" time="0.001">
    </testcase>
    <testcase classname="User Interface - Tests d&apos;Edge Cases Edge cases de logique de rôles Recherche de rôles avec tableaux spéciaux devrait gérer hasAnyRole avec tableau vide" name="User Interface - Tests d&apos;Edge Cases Edge cases de logique de rôles Recherche de rôles avec tableaux spéciaux devrait gérer hasAnyRole avec tableau vide" time="0">
    </testcase>
    <testcase classname="User Interface - Tests d&apos;Edge Cases Edge cases de logique de rôles Recherche de rôles avec tableaux spéciaux devrait gérer hasAllRoles avec tableau vide" name="User Interface - Tests d&apos;Edge Cases Edge cases de logique de rôles Recherche de rôles avec tableaux spéciaux devrait gérer hasAllRoles avec tableau vide" time="0">
    </testcase>
    <testcase classname="User Interface - Tests d&apos;Edge Cases Edge cases de logique de rôles Recherche de rôles avec tableaux spéciaux devrait gérer des recherches avec rôles inexistants" name="User Interface - Tests d&apos;Edge Cases Edge cases de logique de rôles Recherche de rôles avec tableaux spéciaux devrait gérer des recherches avec rôles inexistants" time="0">
    </testcase>
    <testcase classname="User Interface - Tests d&apos;Edge Cases Edge cases de logique de rôles Recherche de rôles avec tableaux spéciaux devrait gérer des recherches avec mélange de rôles existants et inexistants" name="User Interface - Tests d&apos;Edge Cases Edge cases de logique de rôles Recherche de rôles avec tableaux spéciaux devrait gérer des recherches avec mélange de rôles existants et inexistants" time="0">
    </testcase>
    <testcase classname="User Interface - Tests d&apos;Edge Cases Edge cases de validation isValidUser avec objets limites devrait gérer des objets avec propriétés nulles explicites" name="User Interface - Tests d&apos;Edge Cases Edge cases de validation isValidUser avec objets limites devrait gérer des objets avec propriétés nulles explicites" time="0">
    </testcase>
    <testcase classname="User Interface - Tests d&apos;Edge Cases Edge cases de validation isValidUser avec objets limites devrait gérer des objets avec propriétés de mauvais type" name="User Interface - Tests d&apos;Edge Cases Edge cases de validation isValidUser avec objets limites devrait gérer des objets avec propriétés de mauvais type" time="0">
    </testcase>
    <testcase classname="User Interface - Tests d&apos;Edge Cases Edge cases de validation isValidUser avec objets limites devrait gérer des objets avec getters/setters" name="User Interface - Tests d&apos;Edge Cases Edge cases de validation isValidUser avec objets limites devrait gérer des objets avec getters/setters" time="0">
    </testcase>
    <testcase classname="User Interface - Tests d&apos;Edge Cases Edge cases de validation isValidUser avec objets limites devrait gérer des objets avec propriétés non-enumérables" name="User Interface - Tests d&apos;Edge Cases Edge cases de validation isValidUser avec objets limites devrait gérer des objets avec propriétés non-enumérables" time="0">
    </testcase>
    <testcase classname="User Interface - Tests d&apos;Edge Cases Edge cases de validation Edge cases de validation d&apos;email devrait accepter des emails complexes mais valides" name="User Interface - Tests d&apos;Edge Cases Edge cases de validation Edge cases de validation d&apos;email devrait accepter des emails complexes mais valides" time="0">
    </testcase>
    <testcase classname="User Interface - Tests d&apos;Edge Cases Edge cases de validation Edge cases de validation d&apos;email devrait rejeter des emails sans arobase ou mal formés" name="User Interface - Tests d&apos;Edge Cases Edge cases de validation Edge cases de validation d&apos;email devrait rejeter des emails sans arobase ou mal formés" time="0.001">
    </testcase>
    <testcase classname="User Interface - Tests d&apos;Edge Cases Edge cases de création createUser avec paramètres extrêmes devrait gérer des paramètres vides mais valides" name="User Interface - Tests d&apos;Edge Cases Edge cases de création createUser avec paramètres extrêmes devrait gérer des paramètres vides mais valides" time="0">
    </testcase>
    <testcase classname="User Interface - Tests d&apos;Edge Cases Edge cases de création createUser avec paramètres extrêmes devrait gérer des rôles avec doublons" name="User Interface - Tests d&apos;Edge Cases Edge cases de création createUser avec paramètres extrêmes devrait gérer des rôles avec doublons" time="0.001">
    </testcase>
    <testcase classname="User Interface - Tests d&apos;Edge Cases Edge cases de création createUser avec paramètres extrêmes devrait gérer un très grand nombre de rôles uniques" name="User Interface - Tests d&apos;Edge Cases Edge cases de création createUser avec paramètres extrêmes devrait gérer un très grand nombre de rôles uniques" time="0">
    </testcase>
    <testcase classname="User Interface - Tests d&apos;Edge Cases Edge cases de création createExtendedUser avec extensions complexes devrait gérer des extensions avec propriétés circulaires" name="User Interface - Tests d&apos;Edge Cases Edge cases de création createExtendedUser avec extensions complexes devrait gérer des extensions avec propriétés circulaires" time="0">
    </testcase>
    <testcase classname="User Interface - Tests d&apos;Edge Cases Edge cases de création createExtendedUser avec extensions complexes devrait gérer des dates invalides" name="User Interface - Tests d&apos;Edge Cases Edge cases de création createExtendedUser avec extensions complexes devrait gérer des dates invalides" time="0">
    </testcase>
    <testcase classname="User Interface - Tests d&apos;Edge Cases Edge cases de création createExtendedUser avec extensions complexes devrait gérer des préférences avec types incorrects" name="User Interface - Tests d&apos;Edge Cases Edge cases de création createExtendedUser avec extensions complexes devrait gérer des préférences avec types incorrects" time="0.001">
    </testcase>
    <testcase classname="User Interface - Tests d&apos;Edge Cases Edge cases de préférences createDefaultPreferences avec overrides extrêmes devrait gérer des overrides avec valeurs nulles" name="User Interface - Tests d&apos;Edge Cases Edge cases de préférences createDefaultPreferences avec overrides extrêmes devrait gérer des overrides avec valeurs nulles" time="0">
    </testcase>
    <testcase classname="User Interface - Tests d&apos;Edge Cases Edge cases de préférences createDefaultPreferences avec overrides extrêmes devrait gérer des valeurs numériques extrêmes pour itemsPerPage" name="User Interface - Tests d&apos;Edge Cases Edge cases de préférences createDefaultPreferences avec overrides extrêmes devrait gérer des valeurs numériques extrêmes pour itemsPerPage" time="0">
    </testcase>
    <testcase classname="User Interface - Tests d&apos;Edge Cases Edge cases de préférences createDefaultPreferences avec overrides extrêmes devrait gérer des chaînes très longues" name="User Interface - Tests d&apos;Edge Cases Edge cases de préférences createDefaultPreferences avec overrides extrêmes devrait gérer des chaînes très longues" time="0">
    </testcase>
    <testcase classname="User Interface - Tests d&apos;Edge Cases Edge cases de préférences getUserPreferences avec préférences corrompues devrait gérer des préférences partiellement corrompues" name="User Interface - Tests d&apos;Edge Cases Edge cases de préférences getUserPreferences avec préférences corrompues devrait gérer des préférences partiellement corrompues" time="0">
    </testcase>
    <testcase classname="User Interface - Tests d&apos;Edge Cases Edge cases de préférences getUserPreferences avec préférences corrompues devrait gérer des préférences avec propriétés supplémentaires" name="User Interface - Tests d&apos;Edge Cases Edge cases de préférences getUserPreferences avec préférences corrompues devrait gérer des préférences avec propriétés supplémentaires" time="0">
    </testcase>
    <testcase classname="User Interface - Tests d&apos;Edge Cases Edge cases de statut et sécurité hasVerifiedEmail avec valeurs extrêmes devrait gérer des valeurs truthy/falsy non-boolean" name="User Interface - Tests d&apos;Edge Cases Edge cases de statut et sécurité hasVerifiedEmail avec valeurs extrêmes devrait gérer des valeurs truthy/falsy non-boolean" time="0">
    </testcase>
    <testcase classname="User Interface - Tests d&apos;Edge Cases Edge cases de statut et sécurité isActiveUser avec statuts non-standard devrait gérer des statuts avec casse différente" name="User Interface - Tests d&apos;Edge Cases Edge cases de statut et sécurité isActiveUser avec statuts non-standard devrait gérer des statuts avec casse différente" time="0.001">
    </testcase>
    <testcase classname="User Interface - Tests d&apos;Edge Cases Edge cases de statut et sécurité isActiveUser avec statuts non-standard devrait gérer des statuts avec espaces" name="User Interface - Tests d&apos;Edge Cases Edge cases de statut et sécurité isActiveUser avec statuts non-standard devrait gérer des statuts avec espaces" time="0">
    </testcase>
    <testcase classname="User Interface - Tests d&apos;Edge Cases Edge cases de statut et sécurité isActiveUser avec statuts non-standard devrait gérer des statuts complètement invalides" name="User Interface - Tests d&apos;Edge Cases Edge cases de statut et sécurité isActiveUser avec statuts non-standard devrait gérer des statuts complètement invalides" time="0">
    </testcase>
    <testcase classname="User Interface - Tests d&apos;Edge Cases Edge cases d&apos;affichage getDisplayName avec noms particuliers devrait gérer des noms avec seulement des caractères invisibles" name="User Interface - Tests d&apos;Edge Cases Edge cases d&apos;affichage getDisplayName avec noms particuliers devrait gérer des noms avec seulement des caractères invisibles" time="0">
    </testcase>
    <testcase classname="User Interface - Tests d&apos;Edge Cases Edge cases d&apos;affichage getDisplayName avec noms particuliers devrait gérer des noms très longs" name="User Interface - Tests d&apos;Edge Cases Edge cases d&apos;affichage getDisplayName avec noms particuliers devrait gérer des noms très longs" time="0">
    </testcase>
    <testcase classname="User Interface - Tests d&apos;Edge Cases Edge cases d&apos;affichage getDisplayName avec noms particuliers devrait gérer des noms avec caractères de contrôle" name="User Interface - Tests d&apos;Edge Cases Edge cases d&apos;affichage getDisplayName avec noms particuliers devrait gérer des noms avec caractères de contrôle" time="0">
    </testcase>
    <testcase classname="User Interface - Tests d&apos;Edge Cases Edge cases de sérialisation JSON avec données complexes devrait gérer la sérialisation d&apos;utilisateurs avec dates" name="User Interface - Tests d&apos;Edge Cases Edge cases de sérialisation JSON avec données complexes devrait gérer la sérialisation d&apos;utilisateurs avec dates" time="0.001">
    </testcase>
    <testcase classname="User Interface - Tests d&apos;Edge Cases Edge cases de sérialisation JSON avec données complexes devrait gérer la sérialisation avec fonctions dans les préférences" name="User Interface - Tests d&apos;Edge Cases Edge cases de sérialisation JSON avec données complexes devrait gérer la sérialisation avec fonctions dans les préférences" time="0">
    </testcase>
    <testcase classname="User Interface - Tests d&apos;Edge Cases Edge cases de sérialisation JSON avec données complexes devrait gérer les symboles comme propriétés" name="User Interface - Tests d&apos;Edge Cases Edge cases de sérialisation JSON avec données complexes devrait gérer les symboles comme propriétés" time="0">
    </testcase>
    <testcase classname="User Interface - Tests d&apos;Edge Cases Edge cases d&apos;intégration Combinaisons complexes de fonctionnalités devrait gérer un utilisateur avec toutes les propriétés extrêmes" name="User Interface - Tests d&apos;Edge Cases Edge cases d&apos;intégration Combinaisons complexes de fonctionnalités devrait gérer un utilisateur avec toutes les propriétés extrêmes" time="0.001">
    </testcase>
    <testcase classname="User Interface - Tests d&apos;Edge Cases Edge cases d&apos;intégration Combinaisons complexes de fonctionnalités devrait gérer des transformations séquentielles" name="User Interface - Tests d&apos;Edge Cases Edge cases d&apos;intégration Combinaisons complexes de fonctionnalités devrait gérer des transformations séquentielles" time="0">
    </testcase>
  </testsuite>
</testsuites>