<?xml version="1.0" encoding="UTF-8"?>
<testsuites name="ProjectStatus Enum Tests" tests="25" failures="0" errors="0" time="0.53">
  <testsuite name="ProjectStatus Enum - Regression Tests" errors="0" failures="0" skipped="0" timestamp="2025-07-27T20:33:19" time="0.486" tests="25">
    <testcase classname="ProjectStatus Enum - Regression Tests &gt; Public API Regression Tests" name="should maintain exact function signatures" time="0.002">
    </testcase>
    <testcase classname="ProjectStatus Enum - Regression Tests &gt; Public API Regression Tests" name="should maintain exact return types" time="0.003">
    </testcase>
    <testcase classname="ProjectStatus Enum - Regression Tests &gt; Public API Regression Tests" name="should maintain exact constant exports" time="0.001">
    </testcase>
    <testcase classname="ProjectStatus Enum - Regression Tests &gt; Behavior Regression Tests &gt; Validation Behavior Baseline" name="should maintain exact validation behavior for known inputs" time="0.001">
    </testcase>
    <testcase classname="ProjectStatus Enum - Regression Tests &gt; Behavior Regression Tests &gt; Transition Behavior Baseline" name="should maintain exact transition matrix" time="0.001">
    </testcase>
    <testcase classname="ProjectStatus Enum - Regression Tests &gt; Behavior Regression Tests &gt; Transition Behavior Baseline" name="should maintain available transitions count" time="0.001">
    </testcase>
    <testcase classname="ProjectStatus Enum - Regression Tests &gt; Behavior Regression Tests &gt; Metadata Behavior Baseline" name="should maintain exact metadata structure" time="0.001">
    </testcase>
    <testcase classname="ProjectStatus Enum - Regression Tests &gt; Behavior Regression Tests &gt; Metadata Behavior Baseline" name="should maintain exact label values" time="0.001">
    </testcase>
    <testcase classname="ProjectStatus Enum - Regression Tests &gt; Behavior Regression Tests &gt; Metadata Behavior Baseline" name="should maintain exact color values" time="0">
    </testcase>
    <testcase classname="ProjectStatus Enum - Regression Tests &gt; Behavior Regression Tests &gt; Helper Functions Behavior Baseline" name="should maintain exact type checker behavior" time="0">
    </testcase>
    <testcase classname="ProjectStatus Enum - Regression Tests &gt; Performance Regression Tests" name="should maintain validation performance baseline" time="0.007">
    </testcase>
    <testcase classname="ProjectStatus Enum - Regression Tests &gt; Performance Regression Tests" name="should maintain metadata retrieval performance baseline" time="0.006">
    </testcase>
    <testcase classname="ProjectStatus Enum - Regression Tests &gt; Performance Regression Tests" name="should maintain transition checking performance baseline" time="0.005">
    </testcase>
    <testcase classname="ProjectStatus Enum - Regression Tests &gt; Compatibility Regression Tests" name="should maintain Prisma enum compatibility" time="0.001">
    </testcase>
    <testcase classname="ProjectStatus Enum - Regression Tests &gt; Compatibility Regression Tests" name="should maintain TypeScript compatibility" time="0.001">
    </testcase>
    <testcase classname="ProjectStatus Enum - Regression Tests &gt; Compatibility Regression Tests" name="should maintain JSON serialization compatibility" time="0.002">
    </testcase>
    <testcase classname="ProjectStatus Enum - Regression Tests &gt; Compatibility Regression Tests" name="should maintain backward compatibility with older usage patterns" time="0.001">
    </testcase>
    <testcase classname="ProjectStatus Enum - Regression Tests &gt; Security Regression Tests" name="should maintain security baseline against known attack vectors" time="0.001">
    </testcase>
    <testcase classname="ProjectStatus Enum - Regression Tests &gt; Security Regression Tests" name="should maintain input sanitization baseline" time="0.002">
    </testcase>
    <testcase classname="ProjectStatus Enum - Regression Tests &gt; Data Integrity Regression Tests" name="should maintain constant values integrity" time="0.001">
    </testcase>
    <testcase classname="ProjectStatus Enum - Regression Tests &gt; Data Integrity Regression Tests" name="should maintain transition matrix integrity" time="0.001">
    </testcase>
    <testcase classname="ProjectStatus Enum - Regression Tests &gt; Data Integrity Regression Tests" name="should maintain metadata consistency integrity" time="0.002">
    </testcase>
    <testcase classname="ProjectStatus Enum - Regression Tests &gt; Future Changes Regression Tests" name="should detect if new statuses are added without proper updates" time="0.001">
    </testcase>
    <testcase classname="ProjectStatus Enum - Regression Tests &gt; Future Changes Regression Tests" name="should detect breaking changes in function signatures" time="0.001">
    </testcase>
    <testcase classname="ProjectStatus Enum - Regression Tests &gt; Future Changes Regression Tests" name="should detect changes in exported API surface" time="0.004">
    </testcase>
  </testsuite>
</testsuites>